<?xml version="1.0" encoding="UTF-8"?>
<testsuite name="testproject.CalculatorTest" tests="2" skipped="0" failures="0" errors="0" timestamp="2023-12-20T20:38:58" hostname="DESKTOP-KU5PN4V" time="0.002">
  <properties/>
  <testcase name="testSum()" classname="testproject.CalculatorTest" time="0.001"/>
  <testcase name="testSubtract()" classname="testproject.CalculatorTest" time="0.0"/>
  <system-out><![CDATA[]]></system-out>
  <system-err><![CDATA[]]></system-err>
</testsuite>
